\BOOKMARK [0][-]{chapter.1}{序論}{}% 1
\BOOKMARK [1][-]{section.1.1}{概要}{chapter.1}% 2
\BOOKMARK [0][-]{chapter.2}{実験理論}{}% 3
\BOOKMARK [1][-]{section.2.1}{ポジトロニウムの状態}{chapter.2}% 4
\BOOKMARK [1][-]{section.2.2}{ポジトロニウムの崩壊}{chapter.2}% 5
\BOOKMARK [1][-]{section.2.3}{ポジトロニウムの超微細構造}{chapter.2}% 6
\BOOKMARK [1][-]{section.2.4}{磁場中のポジトロニウム}{chapter.2}% 7
\BOOKMARK [1][-]{section.2.5}{物質中でのポジトロニウム}{chapter.2}% 8
\BOOKMARK [0][-]{chapter.3}{磁場中でのPMTの動作確認}{}% 9
\BOOKMARK [1][-]{section.3.1}{動機}{chapter.3}% 10
\BOOKMARK [1][-]{section.3.2}{電磁石について}{chapter.3}% 11
\BOOKMARK [1][-]{section.3.3}{2インチPMTについて}{chapter.3}% 12
\BOOKMARK [1][-]{section.3.4}{測定方法と装置図}{chapter.3}% 13
\BOOKMARK [1][-]{section.3.5}{測定方法と装置図\(鉄管あり\)}{chapter.3}% 14
\BOOKMARK [1][-]{section.3.6}{3/8インチPMTについて}{chapter.3}% 15
\BOOKMARK [1][-]{section.3.7}{3/8インチPMTの測定結果と磁場シミュレーション}{chapter.3}% 16
\BOOKMARK [1][-]{section.3.8}{磁場シミュレーション結果}{chapter.3}% 17
\BOOKMARK [0][-]{chapter.4}{モンテカルロシミュレーションにおける実験評価\(担当:水越\)}{}% 18
\BOOKMARK [1][-]{section.4.1}{モンテカルロシミュレーションの意義}{chapter.4}% 19
\BOOKMARK [1][-]{section.4.2}{プラスチックシンチレーターの通過}{chapter.4}% 20
\BOOKMARK [1][-]{section.4.3}{線源からのバックグラウンド評価}{chapter.4}% 21
\BOOKMARK [1][-]{section.4.4}{予想されるエネルギースペクトル}{chapter.4}% 22
\BOOKMARK [1][-]{section.4.5}{その他の物理量の概算}{chapter.4}% 23
\BOOKMARK [1][-]{section.4.6}{実験評価のまとめ}{chapter.4}% 24
\BOOKMARK [0][-]{chapter.5}{ポジトロニウムの超微細構造の測定における再現実験を含めた事象選別と結果}{}% 25
\BOOKMARK [1][-]{section.5.1}{再現実験}{chapter.5}% 26
\BOOKMARK [1][-]{section.5.2}{再現実験の結果}{chapter.5}% 27
\BOOKMARK [0][-]{chapter.6}{今後の課題\(担当:水越\)}{}% 28
\BOOKMARK [1][-]{section.6.1}{ランタイム}{chapter.6}% 29
\BOOKMARK [1][-]{section.6.2}{Monte Carloシミュレーションと実験データの不一致}{chapter.6}% 30
\BOOKMARK [1][-]{section.6.3}{系統誤差の削減}{chapter.6}% 31
\BOOKMARK [0][-]{chapter*.8}{参考文献}{}% 32
